<?xml version="1.0" encoding="UTF-8"?>
<testng-results ignored="0" total="5" passed="4" failed="1" skipped="0">
  <reporter-output>
  </reporter-output>
  <suite started-at="2025-01-11T10:49:04Z" name="Default suite" finished-at="2025-01-11T10:50:44Z" duration-ms="99822">
    <groups>
    </groups>
    <test started-at="2025-01-11T10:49:04Z" name="Default test" finished-at="2025-01-11T10:50:44Z" duration-ms="99822">
      <class name="TestCases.TestClass">
        <test-method is-config="true" signature="openBrowser()[pri:0, instance:TestCases.TestClass@528c868]" started-at="2025-01-11T10:49:04Z" name="openBrowser" finished-at="2025-01-11T10:49:19Z" duration-ms="15346" status="PASS">
          <reporter-output>
          </reporter-output>
        </test-method> <!-- openBrowser -->
        <test-method signature="addToCart()[pri:0, instance:TestCases.TestClass@528c868]" started-at="2025-01-11T10:49:19Z" name="addToCart" finished-at="2025-01-11T10:49:35Z" duration-ms="16110" status="PASS">
          <reporter-output>
          </reporter-output>
        </test-method> <!-- addToCart -->
        <test-method is-config="true" signature="closeBrowser()[pri:0, instance:TestCases.TestClass@528c868]" started-at="2025-01-11T10:49:35Z" name="closeBrowser" finished-at="2025-01-11T10:49:36Z" duration-ms="650" status="PASS">
          <reporter-output>
          </reporter-output>
        </test-method> <!-- closeBrowser -->
        <test-method is-config="true" signature="openBrowser()[pri:0, instance:TestCases.TestClass@528c868]" started-at="2025-01-11T10:49:36Z" name="openBrowser" finished-at="2025-01-11T10:49:45Z" duration-ms="8594" status="PASS">
          <reporter-output>
          </reporter-output>
        </test-method> <!-- openBrowser -->
        <test-method signature="addToCart2()[pri:0, instance:TestCases.TestClass@528c868]" started-at="2025-01-11T10:49:45Z" name="addToCart2" finished-at="2025-01-11T10:49:58Z" duration-ms="13480" status="PASS">
          <reporter-output>
          </reporter-output>
        </test-method> <!-- addToCart2 -->
        <test-method is-config="true" signature="closeBrowser()[pri:0, instance:TestCases.TestClass@528c868]" started-at="2025-01-11T10:49:58Z" name="closeBrowser" finished-at="2025-01-11T10:49:58Z" duration-ms="240" status="PASS">
          <reporter-output>
          </reporter-output>
        </test-method> <!-- closeBrowser -->
        <test-method is-config="true" signature="openBrowser()[pri:0, instance:TestCases.TestClass@528c868]" started-at="2025-01-11T10:49:58Z" name="openBrowser" finished-at="2025-01-11T10:50:07Z" duration-ms="8758" status="PASS">
          <reporter-output>
          </reporter-output>
        </test-method> <!-- openBrowser -->
        <test-method signature="loginFailureText()[pri:0, instance:TestCases.TestClass@528c868]" started-at="2025-01-11T10:50:07Z" name="loginFailureText" finished-at="2025-01-11T10:50:09Z" duration-ms="1980" status="PASS">
          <reporter-output>
          </reporter-output>
        </test-method> <!-- loginFailureText -->
        <test-method is-config="true" signature="closeBrowser()[pri:0, instance:TestCases.TestClass@528c868]" started-at="2025-01-11T10:50:09Z" name="closeBrowser" finished-at="2025-01-11T10:50:09Z" duration-ms="356" status="PASS">
          <reporter-output>
          </reporter-output>
        </test-method> <!-- closeBrowser -->
        <test-method is-config="true" signature="openBrowser()[pri:0, instance:TestCases.TestClass@528c868]" started-at="2025-01-11T10:50:09Z" name="openBrowser" finished-at="2025-01-11T10:50:18Z" duration-ms="8827" status="PASS">
          <reporter-output>
          </reporter-output>
        </test-method> <!-- openBrowser -->
        <test-method signature="loginSuccessTest2()[pri:0, instance:TestCases.TestClass@528c868]" started-at="2025-01-11T10:50:18Z" name="loginSuccessTest2" finished-at="2025-01-11T10:50:21Z" duration-ms="2557" status="PASS">
          <reporter-output>
          </reporter-output>
        </test-method> <!-- loginSuccessTest2 -->
        <test-method is-config="true" signature="closeBrowser()[pri:0, instance:TestCases.TestClass@528c868]" started-at="2025-01-11T10:50:21Z" name="closeBrowser" finished-at="2025-01-11T10:50:21Z" duration-ms="354" status="PASS">
          <reporter-output>
          </reporter-output>
        </test-method> <!-- closeBrowser -->
        <test-method is-config="true" signature="openBrowser()[pri:0, instance:TestCases.TestClass@528c868]" started-at="2025-01-11T10:50:21Z" name="openBrowser" finished-at="2025-01-11T10:50:29Z" duration-ms="7508" status="PASS">
          <reporter-output>
          </reporter-output>
        </test-method> <!-- openBrowser -->
        <test-method signature="signUpTest1()[pri:0, instance:TestCases.TestClass@528c868]" started-at="2025-01-11T10:50:29Z" name="signUpTest1" finished-at="2025-01-11T10:50:43Z" duration-ms="14236" status="FAIL">
          <exception class="org.openqa.selenium.NoSuchElementException">
            <message>
              <![CDATA[no such element: Unable to locate element: {"method":"css selector","selector":"*[name='addressLineOne']"}
  (Session info: chrome=131.0.6778.265)
For documentation on this error, please visit: https://www.selenium.dev/documentation/webdriver/troubleshooting/errors#no-such-element-exception
Build info: version: '4.21.0', revision: '79ed462ef4'
System info: os.name: 'Windows 10', os.arch: 'amd64', os.version: '10.0', java.version: '22.0.1'
Driver info: org.openqa.selenium.chrome.ChromeDriver
Command: [26ff0c61b3b77ceb2e72659f686ec788, findElement {using=name, value=addressLineOne}]
Capabilities {acceptInsecureCerts: false, browserName: chrome, browserVersion: 131.0.6778.265, chrome: {chromedriverVersion: 131.0.6778.264 (2d05e315153..., userDataDir: C:\Users\6666\AppData\Local...}, fedcm:accounts: true, goog:chromeOptions: {debuggerAddress: localhost:54852}, networkConnectionEnabled: false, pageLoadStrategy: normal, platformName: windows, proxy: Proxy(), se:cdp: ws://localhost:54852/devtoo..., se:cdpVersion: 131.0.6778.265, setWindowRect: true, strictFileInteractability: false, timeouts: {implicit: 0, pageLoad: 300000, script: 30000}, unhandledPromptBehavior: dismiss and notify, webauthn:extension:credBlob: true, webauthn:extension:largeBlob: true, webauthn:extension:minPinLength: true, webauthn:extension:prf: true, webauthn:virtualAuthenticators: true}
Session ID: 26ff0c61b3b77ceb2e72659f686ec788]]>
            </message>
            <full-stacktrace>
              <![CDATA[org.openqa.selenium.NoSuchElementException: no such element: Unable to locate element: {"method":"css selector","selector":"*[name='addressLineOne']"}
  (Session info: chrome=131.0.6778.265)
For documentation on this error, please visit: https://www.selenium.dev/documentation/webdriver/troubleshooting/errors#no-such-element-exception
Build info: version: '4.21.0', revision: '79ed462ef4'
System info: os.name: 'Windows 10', os.arch: 'amd64', os.version: '10.0', java.version: '22.0.1'
Driver info: org.openqa.selenium.chrome.ChromeDriver
Command: [26ff0c61b3b77ceb2e72659f686ec788, findElement {using=name, value=addressLineOne}]
Capabilities {acceptInsecureCerts: false, browserName: chrome, browserVersion: 131.0.6778.265, chrome: {chromedriverVersion: 131.0.6778.264 (2d05e315153..., userDataDir: C:\Users\6666\AppData\Local...}, fedcm:accounts: true, goog:chromeOptions: {debuggerAddress: localhost:54852}, networkConnectionEnabled: false, pageLoadStrategy: normal, platformName: windows, proxy: Proxy(), se:cdp: ws://localhost:54852/devtoo..., se:cdpVersion: 131.0.6778.265, setWindowRect: true, strictFileInteractability: false, timeouts: {implicit: 0, pageLoad: 300000, script: 30000}, unhandledPromptBehavior: dismiss and notify, webauthn:extension:credBlob: true, webauthn:extension:largeBlob: true, webauthn:extension:minPinLength: true, webauthn:extension:prf: true, webauthn:virtualAuthenticators: true}
Session ID: 26ff0c61b3b77ceb2e72659f686ec788
at java.base/jdk.internal.reflect.DirectConstructorHandleAccessor.newInstance(DirectConstructorHandleAccessor.java:62)
at java.base/java.lang.reflect.Constructor.newInstanceWithCaller(Constructor.java:502)
at java.base/java.lang.reflect.Constructor.newInstance(Constructor.java:486)
at org.openqa.selenium.remote.ErrorCodec.decode(ErrorCodec.java:167)
at org.openqa.selenium.remote.codec.w3c.W3CHttpResponseCodec.decode(W3CHttpResponseCodec.java:138)
at org.openqa.selenium.remote.codec.w3c.W3CHttpResponseCodec.decode(W3CHttpResponseCodec.java:50)
at org.openqa.selenium.remote.HttpCommandExecutor.execute(HttpCommandExecutor.java:190)
at org.openqa.selenium.remote.service.DriverCommandExecutor.invokeExecute(DriverCommandExecutor.java:216)
at org.openqa.selenium.remote.service.DriverCommandExecutor.execute(DriverCommandExecutor.java:174)
at org.openqa.selenium.remote.RemoteWebDriver.execute(RemoteWebDriver.java:518)
at org.openqa.selenium.remote.ElementLocation$ElementFinder$2.findElement(ElementLocation.java:165)
at org.openqa.selenium.remote.ElementLocation.findElement(ElementLocation.java:59)
at org.openqa.selenium.remote.RemoteWebDriver.findElement(RemoteWebDriver.java:355)
at org.openqa.selenium.remote.RemoteWebDriver.findElement(RemoteWebDriver.java:349)
at org.openqa.selenium.support.pagefactory.DefaultElementLocator.findElement(DefaultElementLocator.java:68)
at org.openqa.selenium.support.pagefactory.internal.LocatingElementHandler.invoke(LocatingElementHandler.java:38)
at jdk.proxy2/jdk.proxy2.$Proxy13.sendKeys(Unknown Source)
at Pages.signUpPage.signUpAddressPage(signUpPage.java:88)
at TestCases.TestClass.signUpTest1(TestClass.java:17)
at java.base/jdk.internal.reflect.DirectMethodHandleAccessor.invoke(DirectMethodHandleAccessor.java:103)
at java.base/java.lang.reflect.Method.invoke(Method.java:580)
at org.testng.internal.MethodInvocationHelper.invokeMethod(MethodInvocationHelper.java:124)
at org.testng.internal.Invoker.invokeMethod(Invoker.java:583)
at org.testng.internal.Invoker.invokeTestMethod(Invoker.java:719)
at org.testng.internal.Invoker.invokeTestMethods(Invoker.java:989)
at org.testng.internal.TestMethodWorker.invokeTestMethods(TestMethodWorker.java:125)
at org.testng.internal.TestMethodWorker.run(TestMethodWorker.java:109)
at org.testng.TestRunner.privateRun(TestRunner.java:648)
at org.testng.TestRunner.run(TestRunner.java:505)
at org.testng.SuiteRunner.runTest(SuiteRunner.java:455)
at org.testng.SuiteRunner.runSequentially(SuiteRunner.java:450)
at org.testng.SuiteRunner.privateRun(SuiteRunner.java:415)
at org.testng.SuiteRunner.run(SuiteRunner.java:364)
at org.testng.SuiteRunnerWorker.runSuite(SuiteRunnerWorker.java:52)
at org.testng.SuiteRunnerWorker.run(SuiteRunnerWorker.java:84)
at org.testng.TestNG.runSuitesSequentially(TestNG.java:1208)
at org.testng.TestNG.runSuitesLocally(TestNG.java:1137)
at org.testng.TestNG.runSuites(TestNG.java:1049)
at org.testng.TestNG.run(TestNG.java:1017)
at org.testng.remote.AbstractRemoteTestNG.run(AbstractRemoteTestNG.java:115)
at org.testng.remote.RemoteTestNG.initAndRun(RemoteTestNG.java:293)
at org.testng.remote.RemoteTestNG.main(RemoteTestNG.java:91)
]]>
            </full-stacktrace>
          </exception> <!-- org.openqa.selenium.NoSuchElementException -->
          <reporter-output>
          </reporter-output>
        </test-method> <!-- signUpTest1 -->
        <test-method is-config="true" signature="closeBrowser()[pri:0, instance:TestCases.TestClass@528c868]" started-at="2025-01-11T10:50:43Z" name="closeBrowser" finished-at="2025-01-11T10:50:44Z" duration-ms="744" status="PASS">
          <reporter-output>
          </reporter-output>
        </test-method> <!-- closeBrowser -->
      </class> <!-- TestCases.TestClass -->
    </test> <!-- Default test -->
  </suite> <!-- Default suite -->
</testng-results>
